<?xml version="1.0" encoding="UTF-8"?>
<!-- Generated by org.testng.reporters.JUnitXMLReporter -->
<testsuite ignored="0" hostname="ANUJ" failures="0" tests="1" name="Test-Runner2" time="50.05" errors="0" timestamp="2023-10-19T18:24:12 IST">
  <testcase classname="ContactsTests.CreateContactWithOrganizationTest" name="createContactWithOrgTest" time="33.229"/>
</testsuite> <!-- Test-Runner2 -->
