<?xml version="1.0" encoding="UTF-8"?>
<!-- Generated by org.testng.reporters.JUnitXMLReporter -->
<testsuite ignored="0" hostname="ANUJ" failures="0" tests="1" name="Test-Runner chrome" time="17.231" errors="0" timestamp="2023-10-17T12:00:52 IST">
  <testcase classname="ContactsTests.CreateContact" name="createContactTest" time="11.929"/>
</testsuite> <!-- Test-Runner chrome -->
