<?xml version="1.0" encoding="UTF-8"?>
<!-- Generated by org.testng.reporters.JUnitReportReporter -->
<testsuite hostname="ANUJ" failures="0" tests="3" name="practice.DataProviderPractice" time="0.026" errors="0" timestamp="2023-10-07T18:27:44 IST" skipped="0">
  <testcase classname="practice.DataProviderPractice" name="addProductToCart" time="0.002"/>
  <testcase classname="practice.DataProviderPractice" name="addProductToCart" time="0.023"/>
  <testcase classname="practice.DataProviderPractice" name="addProductToCart" time="0.001"/>
</testsuite> <!-- practice.DataProviderPractice -->
