<?xml version="1.0" encoding="UTF-8"?>
<!-- Generated by org.testng.reporters.JUnitReportReporter -->
<testsuite hostname="ANUJ" failures="0" tests="1" name="practice.ReadDataFromCMDLine" time="0.015" errors="0" timestamp="2023-10-25T19:58:26 IST" skipped="0">
  <testcase classname="practice.ReadDataFromCMDLine" name="read" time="0.015"/>
</testsuite> <!-- practice.ReadDataFromCMDLine -->
